<?xml version="1.0" encoding="UTF-8"?>
<!-- Generated by org.testng.reporters.JUnitReportReporter -->
<testsuite hostname="Mohammeds-MacBook-Air.local" failures="0" tests="2" name="com.careerhack.runners.TestRunner" time="0.083" errors="0" timestamp="2022-07-10T13:36:43 EDT" skipped="0">
  <testcase classname="com.careerhack.runners.TestRunner" name="runScenario" time="0.010"/>
  <system-out/>
  <testcase classname="com.careerhack.runners.TestRunner" name="runScenario" time="0.073"/>
  <system-out/>
</testsuite> <!-- com.careerhack.runners.TestRunner -->
